<?xml version="1.0" encoding="UTF-8"?>
<testng-results ignored="0" total="1" passed="1" failed="0" skipped="0">
  <reporter-output>
  </reporter-output>
  <suite started-at="2026-01-21T09:40:07 IST" name="Default suite" finished-at="2026-01-21T09:40:09 IST" duration-ms="2214">
    <groups>
    </groups>
    <test started-at="2026-01-21T09:40:07 IST" name="Default test" finished-at="2026-01-21T09:40:09 IST" duration-ms="2214">
      <class name="Demo.Demo7">
        <test-method signature="user()[pri:0, instance:Demo.Demo7@6dc17b83]" started-at="2026-01-21T09:40:07 IST" name="user" finished-at="2026-01-21T09:40:09 IST" duration-ms="2180" status="PASS">
          <reporter-output>
          </reporter-output>
        </test-method> <!-- user -->
      </class> <!-- Demo.Demo7 -->
    </test> <!-- Default test -->
  </suite> <!-- Default suite -->
</testng-results>
